<!DOCTYPE HTML PUBLIC "-//W3C//DTD HTML 4.01//EN" "http://www.w3.org/TR/html4/strict.dtd">
<html>
<head>
<meta http-equiv="Content-Type" content="text/html; charset=utf-8"/>
<title>Test results - Class one.mixin.android.ui.wallet.TransactionsFragmentTest</title>
<link href="css/base-style.css" rel="stylesheet" type="text/css"/>
<link href="css/style.css" rel="stylesheet" type="text/css"/>
<script src="js/report.js" type="text/javascript"></script>
</head>
<body>
<div id="content">
<h1>Class one.mixin.android.ui.wallet.TransactionsFragmentTest</h1>
<div class="breadcrumbs">
<a href="index.html">all</a> &gt; 
<a href="one.mixin.android.ui.wallet.html">one.mixin.android.ui.wallet</a> &gt; TransactionsFragmentTest</div>
<div id="summary">
<table>
<tr>
<td>
<div class="summaryGroup">
<table>
<tr>
<td>
<div class="infoBox" id="tests">
<div class="counter">7</div>
<p>tests</p>
</div>
</td>
<td>
<div class="infoBox" id="failures">
<div class="counter">2</div>
<p>failures</p>
</div>
</td>
<td>
<div class="infoBox" id="duration">
<div class="counter">1m22.71s</div>
<p>duration</p>
</div>
</td>
</tr>
</table>
</div>
</td>
<td>
<div class="infoBox failures" id="successRate">
<div class="percent">71%</div>
<p>successful</p>
</div>
</td>
</tr>
</table>
</div>
<div id="tabs">
<ul class="tabLinks">
<li>
<a href="#tab0">Failed tests</a>
</li>
<li>
<a href="#tab1">Tests</a>
</li>
</ul>
<div id="tab0" class="tab">
<h2>Failed tests</h2>
<div class="test">
<a name="testFilter"></a>
<h3 class="failures">testFilter</h3>
<span class="code">
<pre>java.lang.AssertionError
at org.junit.Assert.fail(Assert.java:87)
at org.junit.Assert.assertTrue(Assert.java:42)
at org.junit.Assert.assertTrue(Assert.java:53)
at one.mixin.android.ui.wallet.BaseTransactionsFragmentTest.checkTransitionName$lambda-0(BaseTransactionsFragmentTest.kt:128)
at one.mixin.android.ui.wallet.BaseTransactionsFragmentTest.$r8$lambda$6ZD3vEVYp0XaejrfkNxfjrpqVsQ(Unknown Source:0)
at one.mixin.android.ui.wallet.BaseTransactionsFragmentTest$$ExternalSyntheticLambda0.perform(Unknown Source:6)
at androidx.test.core.app.ActivityScenario.lambda$onActivity$2$androidx-test-core-app-ActivityScenario(ActivityScenario.java:694)
at androidx.test.core.app.ActivityScenario$$ExternalSyntheticLambda2.run(Unknown Source:4)
at java.util.concurrent.Executors$RunnableAdapter.call(Executors.java:462)
at java.util.concurrent.FutureTask.run(FutureTask.java:266)
at android.app.Instrumentation$SyncRunnable.run(Instrumentation.java:2227)
at android.os.Handler.handleCallback(Handler.java:883)
at android.os.Handler.dispatchMessage(Handler.java:100)
at android.os.Looper.loop(Looper.java:237)
at android.app.ActivityThread.main(ActivityThread.java:7807)
at java.lang.reflect.Method.invoke(Native Method)
at com.android.internal.os.RuntimeInit$MethodAndArgsCaller.run(RuntimeInit.java:493)
at com.android.internal.os.ZygoteInit.main(ZygoteInit.java:1047)</pre>
</span>
</div>
<div class="test">
<a name="testOpenDepositAccount"></a>
<h3 class="failures">testOpenDepositAccount</h3>
<span class="code">
<pre>androidx.test.espresso.NoMatchingViewException: No views in hierarchy found matching: an instance of android.widget.TextView and view.getText() with or without transformation to match: is &quot;ERROR 10002: The request data has invalid field&quot;

View Hierarchy:
+&gt;LinearLayout{id=-1, visibility=VISIBLE, width=545, height=116, has-focus=false, has-focusable=false, has-window-focus=false, is-clickable=false, is-enabled=true, is-focused=false, is-focusable=false, is-layout-requested=false, is-selected=false, layout-params={(0,168)(wrapxwrap) gr=BOTTOM CENTER ty=TOAST fmt=TRANSLUCENT wanim=0x1030004
fl=1040098 naviIconColor=0}, tag=null, root-is-layout-requested=false, has-input-connection=false, x=0.0, y=0.0, child-count=1}
|
+-&gt;TextView{id=16908299, res-name=message, visibility=VISIBLE, width=413, height=58, has-focus=false, has-focusable=false, has-window-focus=false, is-clickable=false, is-enabled=true, is-focused=false, is-focusable=false, is-layout-requested=false, is-selected=false, layout-params=android.widget.LinearLayout$LayoutParams@YYYYYY, tag=null, root-is-layout-requested=false, has-input-connection=false, x=66.0, y=29.0, text=No network connection, input-type=0, ime-target=false, has-links=false}
at androidx.test.espresso.NoMatchingViewException$Builder.build(NoMatchingViewException.java:5)
at androidx.test.espresso.base.DefaultFailureHandler.lambda$getNoMatchingViewExceptionTruncater$0(DefaultFailureHandler.java:5)
at androidx.test.espresso.base.DefaultFailureHandler$$ExternalSyntheticLambda1.truncateExceptionMessage(Unknown Source:2)
at androidx.test.espresso.base.ViewHierarchyExceptionHandler.handleSafely(ViewHierarchyExceptionHandler.java:5)
at androidx.test.espresso.base.ViewHierarchyExceptionHandler.handleSafely(ViewHierarchyExceptionHandler.java:1)
at androidx.test.espresso.base.DefaultFailureHandler$TypedFailureHandler.handle(DefaultFailureHandler.java:4)
at androidx.test.espresso.base.DefaultFailureHandler.handle(DefaultFailureHandler.java:5)
at androidx.test.espresso.ViewInteraction.waitForAndHandleInteractionResults(ViewInteraction.java:8)
at androidx.test.espresso.ViewInteraction.check(ViewInteraction.java:12)
at one.mixin.android.ui.wallet.TransactionsFragmentTest$testOpenDepositAccount$1.invoke(TransactionsFragmentTest.kt:136)
at one.mixin.android.ui.wallet.TransactionsFragmentTest$testOpenDepositAccount$1.invoke(TransactionsFragmentTest.kt:126)
at one.mixin.android.ui.wallet.TransactionsFragmentTest.go2Transactions(TransactionsFragmentTest.kt:179)
at one.mixin.android.ui.wallet.TransactionsFragmentTest.testOpenDepositAccount(TransactionsFragmentTest.kt:126)</pre>
</span>
</div>
</div>
<div id="tab1" class="tab">
<h2>Tests</h2>
<table>
<thead>
<tr>
<th>Test</th>
<th>SM-M305M - 10</th>
</tr>
</thead>
<tr>
<td>testFilter</td>
<td class="failures">failed (12.426s)</td>
</tr>
<tr>
<td>testMore</td>
<td class="success">passed (12.249s)</td>
</tr>
<tr>
<td>testOpenDepositAccount</td>
<td class="failures">failed (10.646s)</td>
</tr>
<tr>
<td>testOpenDepositPublicKey</td>
<td class="success">passed (10.592s)</td>
</tr>
<tr>
<td>testOpenTransferOut</td>
<td class="success">passed (14.231s)</td>
</tr>
<tr>
<td>testShowAssetKeyBottom</td>
<td class="success">passed (11.646s)</td>
</tr>
<tr>
<td>testTransactionsRv</td>
<td class="success">passed (10.919s)</td>
</tr>
</table>
</div>
</div>
<div id="footer">
<p>Generated by 
<a href="http://www.gradle.org">Gradle 7.4.2</a> at Jun 24, 2022, 4:50:07 AM</p>
</div>
</div>
</body>